#
# There is insufficient memory for the Java Runtime Environment to continue.
# Native memory allocation (malloc) failed to allocate 1294064 bytes for Chunk::new
# Possible reasons:
#   The system is out of physical RAM or swap space
#   The process is running with CompressedOops enabled, and the Java Heap may be blocking the growth of the native heap
# Possible solutions:
#   Reduce memory load on the system
#   Increase physical memory or swap space
#   Check if swap backing store is full
#   Decrease Java heap size (-Xmx/-Xms)
#   Decrease number of Java threads
#   Decrease Java thread stack sizes (-Xss)
#   Set larger code cache with -XX:ReservedCodeCacheSize=
#   JVM is running with Unscaled Compressed Oops mode in which the Java heap is
#     placed in the first 4GB address space. The Java Heap base address is the
#     maximum limit for the native heap growth. Please use -XX:HeapBaseMinAddress
#     to set the Java Heap base and to place the Java Heap above 4GB virtual address.
# This output file may be truncated or incomplete.
#
#  Out of Memory Error (allocation.cpp:389), pid=8744, tid=0x0000000000000768
#
# JRE version: OpenJDK Runtime Environment (8.0_242-b01) (build 1.8.0_242-release-1644-b01)
# Java VM: OpenJDK 64-Bit Server VM (25.242-b01 mixed mode windows-amd64 compressed oops)
# Failed to write core dump. Minidumps are not enabled by default on client versions of Windows
#

---------------  T H R E A D  ---------------

Current thread (0x00000000171e6800):  JavaThread "C2 CompilerThread0" daemon [_thread_in_native, id=1896, stack(0x0000000018850000,0x0000000018950000)]

Stack: [0x0000000018850000,0x0000000018950000]
[error occurred during error reporting (printing stack bounds), id 0xc0000005]

Native frames: (J=compiled Java code, j=interpreted, Vv=VM code, C=native code)


Current CompileTask:
C2:  82882 8939   !   4       com.sun.beans.TypeResolver::resolve (274 bytes)


---------------  P R O C E S S  ---------------

Java Threads: ( => current thread )
  0x000000001b559800 JavaThread "Memory manager" [_thread_blocked, id=4648, stack(0x000000002be00000,0x000000002bf00000)]
  0x000000001b55c800 JavaThread "jar transforms Thread 114" [_thread_blocked, id=9372, stack(0x000000002b700000,0x000000002b800000)]
  0x000000001b55b800 JavaThread "jar transforms Thread 113" [_thread_blocked, id=1420, stack(0x000000002b600000,0x000000002b700000)]
  0x000000001e3a5800 JavaThread "jar transforms Thread 112" [_thread_blocked, id=10156, stack(0x000000002b500000,0x000000002b600000)]
  0x000000001e3a8800 JavaThread "jar transforms Thread 111" [_thread_blocked, id=300, stack(0x000000002b400000,0x000000002b500000)]
  0x000000001e3a5000 JavaThread "jar transforms Thread 110" [_thread_blocked, id=6340, stack(0x000000002b300000,0x000000002b400000)]
  0x000000001e3a3800 JavaThread "jar transforms Thread 109" [_thread_blocked, id=5040, stack(0x000000002b200000,0x000000002b300000)]
  0x000000001e3a9800 JavaThread "jar transforms Thread 108" [_thread_blocked, id=2184, stack(0x000000002b100000,0x000000002b200000)]
  0x000000001e3a8000 JavaThread "jar transforms Thread 107" [_thread_blocked, id=9564, stack(0x000000002b000000,0x000000002b100000)]
  0x000000001e3a7000 JavaThread "jar transforms Thread 106" [_thread_blocked, id=3760, stack(0x000000002af00000,0x000000002b000000)]
  0x000000001e3a4000 JavaThread "jar transforms Thread 105" [_thread_blocked, id=7792, stack(0x000000002ae00000,0x000000002af00000)]
  0x000000001e3a6800 JavaThread "jar transforms Thread 104" [_thread_blocked, id=2592, stack(0x000000002ad00000,0x000000002ae00000)]
  0x000000001e39b800 JavaThread "jar transforms Thread 103" [_thread_blocked, id=7476, stack(0x000000002ac00000,0x000000002ad00000)]
  0x000000001e3a2800 JavaThread "jar transforms Thread 102" [_thread_blocked, id=6820, stack(0x000000002ab00000,0x000000002ac00000)]
  0x000000001e39b000 JavaThread "jar transforms Thread 101" [_thread_blocked, id=9396, stack(0x000000002aa00000,0x000000002ab00000)]
  0x000000001e3a1800 JavaThread "jar transforms Thread 100" [_thread_blocked, id=8400, stack(0x000000002a900000,0x000000002aa00000)]
  0x000000001e3a1000 JavaThread "jar transforms Thread 99" [_thread_blocked, id=5092, stack(0x000000002a800000,0x000000002a900000)]
  0x000000001e3a0000 JavaThread "jar transforms Thread 98" [_thread_blocked, id=3888, stack(0x000000002a700000,0x000000002a800000)]
  0x000000001e39a000 JavaThread "jar transforms Thread 97" [_thread_blocked, id=2052, stack(0x000000002a600000,0x000000002a700000)]
  0x000000001e39d000 JavaThread "jar transforms Thread 96" [_thread_blocked, id=476, stack(0x000000002a500000,0x000000002a600000)]
  0x000000001e39f800 JavaThread "jar transforms Thread 95" [_thread_blocked, id=5352, stack(0x000000002a400000,0x000000002a500000)]
  0x000000001e39c800 JavaThread "jar transforms Thread 94" [_thread_blocked, id=2472, stack(0x000000002a300000,0x000000002a400000)]
  0x000000001e39e800 JavaThread "jar transforms Thread 93" [_thread_blocked, id=8892, stack(0x000000002a200000,0x000000002a300000)]
  0x000000001e39e000 JavaThread "jar transforms Thread 92" [_thread_blocked, id=8724, stack(0x000000002a100000,0x000000002a200000)]
  0x000000002484c800 JavaThread "jar transforms Thread 91" [_thread_blocked, id=8328, stack(0x000000002a000000,0x000000002a100000)]
  0x000000002484c000 JavaThread "jar transforms Thread 90" [_thread_blocked, id=8560, stack(0x0000000029f00000,0x000000002a000000)]
  0x000000002484b000 JavaThread "jar transforms Thread 89" [_thread_blocked, id=4664, stack(0x0000000029e00000,0x0000000029f00000)]
  0x000000002484e000 JavaThread "jar transforms Thread 88" [_thread_blocked, id=5996, stack(0x0000000029d00000,0x0000000029e00000)]
  0x000000002484d800 JavaThread "jar transforms Thread 87" [_thread_blocked, id=6188, stack(0x0000000029c00000,0x0000000029d00000)]
  0x0000000024849800 JavaThread "jar transforms Thread 86" [_thread_blocked, id=1764, stack(0x0000000029b00000,0x0000000029c00000)]
  0x0000000024849000 JavaThread "jar transforms Thread 85" [_thread_blocked, id=9976, stack(0x0000000029a00000,0x0000000029b00000)]
  0x000000002484a800 JavaThread "jar transforms Thread 84" [_thread_blocked, id=3512, stack(0x0000000029900000,0x0000000029a00000)]
  0x0000000024841000 JavaThread "jar transforms Thread 83" [_thread_blocked, id=9692, stack(0x0000000029800000,0x0000000029900000)]
  0x0000000024848000 JavaThread "jar transforms Thread 82" [_thread_blocked, id=6900, stack(0x0000000029700000,0x0000000029800000)]
  0x0000000024847800 JavaThread "jar transforms Thread 81" [_thread_blocked, id=2924, stack(0x0000000029600000,0x0000000029700000)]
  0x000000002483f800 JavaThread "jar transforms Thread 80" [_thread_blocked, id=8444, stack(0x0000000029500000,0x0000000029600000)]
  0x0000000024846800 JavaThread "jar transforms Thread 79" [_thread_blocked, id=5416, stack(0x0000000029400000,0x0000000029500000)]
  0x0000000024846000 JavaThread "jar transforms Thread 78" [_thread_blocked, id=1044, stack(0x0000000029300000,0x0000000029400000)]
  0x0000000024842800 JavaThread "jar transforms Thread 77" [_thread_blocked, id=3700, stack(0x0000000029200000,0x0000000029300000)]
  0x0000000024843800 JavaThread "jar transforms Thread 76" [_thread_blocked, id=6932, stack(0x0000000029100000,0x0000000029200000)]
  0x0000000024840800 JavaThread "jar transforms Thread 75" [_thread_blocked, id=2428, stack(0x0000000029000000,0x0000000029100000)]
  0x000000002483f000 JavaThread "jar transforms Thread 74" [_thread_blocked, id=4100, stack(0x0000000028f00000,0x0000000029000000)]
  0x0000000024844000 JavaThread "jar transforms Thread 73" [_thread_blocked, id=9908, stack(0x0000000028e00000,0x0000000028f00000)]
  0x0000000024845000 JavaThread "jar transforms Thread 72" [_thread_blocked, id=1316, stack(0x0000000028d00000,0x0000000028e00000)]
  0x0000000024842000 JavaThread "jar transforms Thread 71" [_thread_blocked, id=6660, stack(0x0000000028c00000,0x0000000028d00000)]
  0x000000001aeb0800 JavaThread "jar transforms Thread 70" [_thread_blocked, id=5976, stack(0x0000000028b00000,0x0000000028c00000)]
  0x000000001aeaa800 JavaThread "jar transforms Thread 69" [_thread_blocked, id=5128, stack(0x0000000028820000,0x0000000028920000)]
  0x000000001aea9800 JavaThread "jar transforms Thread 68" [_thread_blocked, id=4964, stack(0x0000000028720000,0x0000000028820000)]
  0x000000001aea8800 JavaThread "jar transforms Thread 67" [_thread_blocked, id=3568, stack(0x0000000028450000,0x0000000028550000)]
  0x000000001aeae000 JavaThread "jar transforms Thread 66" [_thread_blocked, id=6924, stack(0x0000000028350000,0x0000000028450000)]
  0x000000001aead800 JavaThread "jar transforms Thread 65" [_thread_blocked, id=6524, stack(0x0000000028250000,0x0000000028350000)]
  0x000000001aeac800 JavaThread "jar transforms Thread 64" [_thread_blocked, id=2200, stack(0x0000000028010000,0x0000000028110000)]
  0x000000001aeaf800 JavaThread "jar transforms Thread 63" [_thread_blocked, id=5392, stack(0x0000000027f10000,0x0000000028010000)]
  0x000000001aea8000 JavaThread "jar transforms Thread 62" [_thread_blocked, id=3560, stack(0x0000000027e10000,0x0000000027f10000)]
  0x000000001aeaf000 JavaThread "jar transforms Thread 61" [_thread_blocked, id=1036, stack(0x0000000027d10000,0x0000000027e10000)]
  0x000000001aeac000 JavaThread "jar transforms Thread 60" [_thread_blocked, id=4628, stack(0x0000000027c10000,0x0000000027d10000)]
  0x000000001aeab000 JavaThread "jar transforms Thread 59" [_thread_blocked, id=8020, stack(0x0000000027b10000,0x0000000027c10000)]
  0x000000001aea2000 JavaThread "jar transforms Thread 58" [_thread_blocked, id=2980, stack(0x0000000027a10000,0x0000000027b10000)]
  0x000000001aea7000 JavaThread "jar transforms Thread 57" [_thread_blocked, id=9364, stack(0x0000000027910000,0x0000000027a10000)]
  0x000000001aea2800 JavaThread "jar transforms Thread 56" [_thread_blocked, id=6868, stack(0x0000000027810000,0x0000000027910000)]
  0x000000001aea6800 JavaThread "jar transforms Thread 55" [_thread_blocked, id=4900, stack(0x0000000027710000,0x0000000027810000)]
  0x000000001aea5800 JavaThread "jar transforms Thread 54" [_thread_blocked, id=7412, stack(0x0000000027510000,0x0000000027610000)]
  0x000000001aea3800 JavaThread "jar transforms Thread 53" [_thread_blocked, id=3576, stack(0x0000000027410000,0x0000000027510000)]
  0x000000001aea1000 JavaThread "jar transforms Thread 52" [_thread_blocked, id=7956, stack(0x0000000027310000,0x0000000027410000)]
  0x000000001aea5000 JavaThread "jar transforms Thread 51" [_thread_blocked, id=10220, stack(0x0000000027210000,0x0000000027310000)]
  0x000000001aea4000 JavaThread "jar transforms Thread 50" [_thread_blocked, id=3020, stack(0x0000000027110000,0x0000000027210000)]
  0x0000000019345800 JavaThread "jar transforms Thread 49" [_thread_blocked, id=4448, stack(0x0000000027010000,0x0000000027110000)]
  0x0000000019344800 JavaThread "jar transforms Thread 48" [_thread_blocked, id=7308, stack(0x0000000026f10000,0x0000000027010000)]
  0x0000000019343000 JavaThread "jar transforms Thread 47" [_thread_blocked, id=4604, stack(0x0000000026e10000,0x0000000026f10000)]
  0x0000000019346000 JavaThread "jar transforms Thread 46" [_thread_blocked, id=836, stack(0x0000000026d10000,0x0000000026e10000)]
  0x0000000019344000 JavaThread "jar transforms Thread 45" [_thread_blocked, id=10192, stack(0x0000000026c10000,0x0000000026d10000)]
  0x0000000019342800 JavaThread "jar transforms Thread 44" [_thread_blocked, id=8772, stack(0x0000000026b10000,0x0000000026c10000)]
  0x0000000019340000 JavaThread "jar transforms Thread 43" [_thread_blocked, id=8940, stack(0x0000000026a10000,0x0000000026b10000)]
  0x0000000019341800 JavaThread "jar transforms Thread 42" [_thread_blocked, id=6124, stack(0x0000000026910000,0x0000000026a10000)]
  0x000000001933f800 JavaThread "jar transforms Thread 41" [_thread_blocked, id=1908, stack(0x0000000026810000,0x0000000026910000)]
  0x0000000019341000 JavaThread "jar transforms Thread 40" [_thread_blocked, id=6484, stack(0x0000000026710000,0x0000000026810000)]
  0x00000000192a9800 JavaThread "jar transforms Thread 39" [_thread_blocked, id=6864, stack(0x0000000026610000,0x0000000026710000)]
  0x000000001af9f800 JavaThread "jar transforms Thread 38" [_thread_blocked, id=8912, stack(0x0000000026510000,0x0000000026610000)]
  0x000000001af9f000 JavaThread "jar transforms Thread 37" [_thread_blocked, id=8408, stack(0x0000000026410000,0x0000000026510000)]
  0x000000001af9e000 JavaThread "jar transforms Thread 36" [_thread_blocked, id=3696, stack(0x0000000026310000,0x0000000026410000)]
  0x000000001af9c800 JavaThread "jar transforms Thread 35" [_thread_blocked, id=872, stack(0x0000000026210000,0x0000000026310000)]
  0x000000001afa3800 JavaThread "jar transforms Thread 34" [_thread_blocked, id=4632, stack(0x0000000026110000,0x0000000026210000)]
  0x000000001afa2800 JavaThread "jar transforms Thread 33" [_thread_blocked, id=6080, stack(0x0000000026010000,0x0000000026110000)]
  0x000000001af9c000 JavaThread "jar transforms Thread 32" [_thread_blocked, id=2700, stack(0x0000000025f10000,0x0000000026010000)]
  0x000000001afa1000 JavaThread "jar transforms Thread 31" [_thread_blocked, id=9500, stack(0x0000000025e10000,0x0000000025f10000)]
  0x000000001af9d800 JavaThread "jar transforms Thread 30" [_thread_blocked, id=7460, stack(0x0000000025d10000,0x0000000025e10000)]
  0x000000001afa2000 JavaThread "jar transforms Thread 29" [_thread_blocked, id=9412, stack(0x0000000025c10000,0x0000000025d10000)]
  0x000000001afa0800 JavaThread "jar transforms Thread 28" [_thread_blocked, id=9788, stack(0x0000000025b10000,0x0000000025c10000)]
  0x000000001af94000 JavaThread "jar transforms Thread 27" [_thread_blocked, id=9240, stack(0x0000000025a10000,0x0000000025b10000)]
  0x000000001af9b000 JavaThread "jar transforms Thread 26" [_thread_blocked, id=9956, stack(0x0000000025910000,0x0000000025a10000)]
  0x000000001af9a800 JavaThread "Build operations Thread 4" [_thread_blocked, id=3880, stack(0x0000000025610000,0x0000000025710000)]
  0x000000001af95000 JavaThread "Build operations Thread 3" [_thread_blocked, id=8708, stack(0x0000000025510000,0x0000000025610000)]
  0x000000001af95800 JavaThread "Build operations Thread 2" [_thread_blocked, id=1016, stack(0x0000000024df0000,0x0000000024ef0000)]
  0x000000001af97000 JavaThread "Build operations" [_thread_blocked, id=8500, stack(0x0000000023cf0000,0x0000000023df0000)]
  0x000000001af96800 JavaThread "Cache worker for Build Output Cleanup Cache (C:\Users\Voodster\AndroidStudioProjects\WeatherStation\.gradle\buildOutputCleanup)" [_thread_blocked, id=6084, stack(0x00000000236e0000,0x00000000237e0000)]
  0x00000000192ab000 JavaThread "Cache worker for file content cache (C:\Users\Voodster\.gradle\caches\6.7\fileContent)" [_thread_blocked, id=3236, stack(0x00000000231e0000,0x00000000232e0000)]
  0x00000000192a6800 JavaThread "Cache worker for execution history cache (C:\Users\Voodster\.gradle\caches\6.7\executionHistory)" [_thread_blocked, id=10032, stack(0x00000000228e0000,0x00000000229e0000)]
  0x0000000019b80800 JavaThread "Cache worker for cache directory md-rule (C:\Users\Voodster\.gradle\caches\6.7\md-rule)" [_thread_blocked, id=312, stack(0x00000000225e0000,0x00000000226e0000)]
  0x0000000019b86800 JavaThread "Cache worker for cache directory md-supplier (C:\Users\Voodster\.gradle\caches\6.7\md-supplier)" [_thread_blocked, id=2000, stack(0x00000000224e0000,0x00000000225e0000)]
  0x0000000019b7f000 JavaThread "Cache worker for checksums cache (C:\Users\Voodster\AndroidStudioProjects\WeatherStation\.gradle\checksums)" [_thread_blocked, id=3024, stack(0x00000000223e0000,0x00000000224e0000)]
  0x0000000019b85000 JavaThread "jar transforms Thread 25" [_thread_blocked, id=4844, stack(0x00000000220e0000,0x00000000221e0000)]
  0x0000000019b83800 JavaThread "jar transforms Thread 24" [_thread_blocked, id=6976, stack(0x0000000021fe0000,0x00000000220e0000)]
  0x0000000019b82000 JavaThread "jar transforms Thread 23" [_thread_blocked, id=428, stack(0x0000000021ee0000,0x0000000021fe0000)]
  0x0000000019b86000 JavaThread "jar transforms Thread 22" [_thread_blocked, id=9836, stack(0x0000000021de0000,0x0000000021ee0000)]
  0x0000000019b80000 JavaThread "jar transforms Thread 21" [_thread_blocked, id=8204, stack(0x0000000021ce0000,0x0000000021de0000)]
  0x0000000019b83000 JavaThread "jar transforms Thread 20" [_thread_blocked, id=2192, stack(0x0000000021be0000,0x0000000021ce0000)]
  0x0000000019b81800 JavaThread "jar transforms Thread 19" [_thread_blocked, id=4868, stack(0x0000000021ae0000,0x0000000021be0000)]
  0x0000000019b84800 JavaThread "jar transforms Thread 18" [_thread_blocked, id=9704, stack(0x00000000219e0000,0x0000000021ae0000)]
  0x0000000019b77800 JavaThread "jar transforms Thread 17" [_thread_blocked, id=9408, stack(0x00000000218e0000,0x00000000219e0000)]
  0x0000000019b78800 JavaThread "jar transforms Thread 16" [_thread_blocked, id=3664, stack(0x00000000217e0000,0x00000000218e0000)]
  0x0000000019b7d800 JavaThread "jar transforms Thread 15" [_thread_blocked, id=7692, stack(0x00000000216e0000,0x00000000217e0000)]
  0x0000000019b7b800 JavaThread "jar transforms Thread 14" [_thread_blocked, id=4472, stack(0x00000000215e0000,0x00000000216e0000)]
  0x0000000019b7d000 JavaThread "jar transforms Thread 13" [_thread_blocked, id=1400, stack(0x00000000214e0000,0x00000000215e0000)]
  0x0000000019b7c000 JavaThread "jar transforms Thread 12" [_thread_blocked, id=1556, stack(0x00000000213e0000,0x00000000214e0000)]
  0x0000000019b7a000 JavaThread "jar transforms Thread 11" [_thread_blocked, id=2164, stack(0x00000000212e0000,0x00000000213e0000)]
  0x0000000019b79000 JavaThread "jar transforms Thread 10" [_thread_blocked, id=1332, stack(0x00000000211e0000,0x00000000212e0000)]
  0x0000000019b7a800 JavaThread "jar transforms Thread 9" [_thread_blocked, id=1148, stack(0x00000000210e0000,0x00000000211e0000)]
  0x0000000019b7e800 JavaThread "jar transforms Thread 8" [_thread_blocked, id=1320, stack(0x000000001fd40000,0x000000001fe40000)]
  0x000000001d04d800 JavaThread "jar transforms Thread 7" [_thread_blocked, id=8028, stack(0x000000001fc40000,0x000000001fd40000)]
  0x000000001d050800 JavaThread "jar transforms Thread 6" [_thread_blocked, id=9940, stack(0x000000001fb40000,0x000000001fc40000)]
  0x000000001d04c800 JavaThread "jar transforms Thread 5" [_thread_blocked, id=7764, stack(0x000000001fa40000,0x000000001fb40000)]
  0x000000001d04c000 JavaThread "jar transforms Thread 4" [_thread_blocked, id=4312, stack(0x000000001f940000,0x000000001fa40000)]
  0x000000001d052000 JavaThread "jar transforms Thread 3" [_thread_blocked, id=9928, stack(0x000000001f840000,0x000000001f940000)]
  0x000000001d04e000 JavaThread "jar transforms Thread 2" [_thread_blocked, id=6668, stack(0x000000001f740000,0x000000001f840000)]
  0x000000001d051000 JavaThread "jar transforms" [_thread_blocked, id=2332, stack(0x000000001f640000,0x000000001f740000)]
  0x000000001d04b000 JavaThread "Cache worker for file hash cache (C:\Users\Voodster\AndroidStudioProjects\WeatherStation\.gradle\6.7\fileHashes)" [_thread_blocked, id=3904, stack(0x000000001f540000,0x000000001f640000)]
  0x000000001d04f800 JavaThread "Cache worker for journal cache (C:\Users\Voodster\.gradle\caches\journal-1)" [_thread_blocked, id=5024, stack(0x000000001f240000,0x000000001f340000)]
  0x000000001d04f000 JavaThread "File lock request listener" [_thread_in_native, id=8840, stack(0x000000001e050000,0x000000001e150000)]
  0x000000001b6ba000 JavaThread "Cache worker for file hash cache (C:\Users\Voodster\.gradle\caches\6.7\fileHashes)" [_thread_blocked, id=6268, stack(0x000000001df50000,0x000000001e050000)]
  0x0000000019285800 JavaThread "Thread-9" [_thread_blocked, id=4040, stack(0x000000001cc80000,0x000000001cd80000)]
  0x000000001926b800 JavaThread "Asynchronous log dispatcher for DefaultDaemonConnection: socket connection from /127.0.0.1:65373 to /127.0.0.1:65374" [_thread_blocked, id=10044, stack(0x000000001ca80000,0x000000001cb80000)]
  0x000000001acc4000 JavaThread "Daemon worker" [_thread_in_vm, id=8816, stack(0x000000001c980000,0x000000001ca80000)]
  0x000000001acc3000 JavaThread "Cancel handler" [_thread_blocked, id=7996, stack(0x000000001c880000,0x000000001c980000)]
  0x000000001ace3800 JavaThread "Handler for socket connection from /127.0.0.1:65373 to /127.0.0.1:65374" [_thread_in_native, id=10224, stack(0x000000001c780000,0x000000001c880000)]
  0x000000001ace3000 JavaThread "Daemon" [_thread_blocked, id=2836, stack(0x000000001c480000,0x000000001c580000)]
  0x000000001acce800 JavaThread "Daemon periodic checks" [_thread_blocked, id=7480, stack(0x000000001c380000,0x000000001c480000)]
  0x000000001ac41800 JavaThread "Incoming local TCP Connector on port 65373" [_thread_in_native, id=2212, stack(0x000000001c130000,0x000000001c230000)]
  0x000000001abd7000 JavaThread "Daemon health stats" [_thread_blocked, id=1892, stack(0x000000001baf0000,0x000000001bbf0000)]
  0x000000001723b800 JavaThread "Service Thread" daemon [_thread_blocked, id=2108, stack(0x0000000018f50000,0x0000000019050000)]
  0x0000000017216000 JavaThread "C1 CompilerThread2" daemon [_thread_blocked, id=6284, stack(0x0000000018a50000,0x0000000018b50000)]
  0x00000000171ef800 JavaThread "C2 CompilerThread1" daemon [_thread_blocked, id=7256, stack(0x0000000018950000,0x0000000018a50000)]
=>0x00000000171e6800 JavaThread "C2 CompilerThread0" daemon [_thread_in_native, id=1896, stack(0x0000000018850000,0x0000000018950000)]
  0x00000000171e5000 JavaThread "Attach Listener" daemon [_thread_blocked, id=4484, stack(0x0000000018750000,0x0000000018850000)]
  0x00000000171e3800 JavaThread "Signal Dispatcher" daemon [_thread_blocked, id=7564, stack(0x0000000018650000,0x0000000018750000)]
  0x000000000250b800 JavaThread "Finalizer" daemon [_thread_blocked, id=7936, stack(0x0000000018450000,0x0000000018550000)]
  0x00000000171c9000 JavaThread "Reference Handler" daemon [_thread_blocked, id=8472, stack(0x0000000018350000,0x0000000018450000)]
  0x0000000002412800 JavaThread "main" [_thread_blocked, id=5124, stack(0x0000000000b10000,0x0000000000c10000)]

Other Threads:
  0x00000000171a6800 VMThread [stack: 0x0000000018250000,0x0000000018350000] [id=10084]
  0x000000001723d800 WatcherThread [stack: 0x0000000019050000,0x0000000019150000] [id=5468]

VM state:not at safepoint (normal execution)

VM Mutex/Monitor currently owned by a thread: None

heap address: 0x0000000080000000, size: 2048 MB, Compressed Oops mode: 32-bit
Narrow klass base: 0x0000000000000000, Narrow klass shift: 3
Compressed class space size: 1073741824 Address: 0x0000000100000000

Heap:
 PSYoungGen      total 673280K, used 159546K [0x00000000d5580000, 0x00000000ffe80000, 0x0000000100000000)
  eden space 649728K, 24% used [0x00000000d5580000,0x00000000df14e880,0x00000000fd000000)
  from space 23552K, 0% used [0x00000000fd000000,0x00000000fd000000,0x00000000fe700000)
  to   space 22528K, 0% used [0x00000000fe880000,0x00000000fe880000,0x00000000ffe80000)
 ParOldGen       total 122368K, used 31856K [0x0000000080000000, 0x0000000087780000, 0x00000000d5580000)
  object space 122368K, 26% used [0x0000000080000000,0x0000000081f1c128,0x0000000087780000)
 Metaspace       used 66233K, capacity 69026K, committed 69376K, reserved 1110016K
  class space    used 8594K, capacity 9152K, committed 9216K, reserved 1048576K

Card table byte_map: [0x0000000011980000,0x0000000011d90000] byte_map_base: 0x0000000011580000

Marking Bits: (ParMarkBitMap*) 0x000000006479f030
 Begin Bits: [0x0000000012440000, 0x0000000014440000)
 End Bits:   [0x0000000014440000, 0x0000000016440000)

Polling page: 0x0000000000600000

CodeCache: size=245760Kb used=26522Kb max_used=26531Kb free=219238Kb
 bounds [0x00000000025c0000, 0x0000000003fd0000, 0x00000000115c0000]
 total_blobs=8014 nmethods=7171 adapters=756
 compilation: enabled

Compilation events (10 events):
Event: 82.777 Thread 0x0000000017216000 9030       3       org.gradle.api.internal.provider.DefaultProperty::<init> (26 bytes)
Event: 82.778 Thread 0x0000000017216000 nmethod 9030 0x0000000003fc5dd0 code [0x0000000003fc5fc0, 0x0000000003fc6a68]
Event: 82.778 Thread 0x0000000017216000 9031       3       org.gradle.api.internal.provider.Providers::notDefined (10 bytes)
Event: 82.779 Thread 0x0000000017216000 nmethod 9031 0x0000000003fc5a50 code [0x0000000003fc5ba0, 0x0000000003fc5d30]
Event: 82.788 Thread 0x00000000171ef800 9032       4       org.gradle.internal.operations.DefaultBuildOperationListenerManager$ProgressShieldingBuildOperationListener::finished (26 bytes)
Event: 82.791 Thread 0x00000000171ef800 nmethod 9032 0x0000000003fc5690 code [0x0000000003fc57e0, 0x0000000003fc58e8]
Event: 82.841 Thread 0x0000000017216000 9033       1       org.gradle.internal.ImmutableActionSet$SetWithFewActions::isEmpty (2 bytes)
Event: 82.841 Thread 0x0000000017216000 nmethod 9033 0x0000000003fb0b10 code [0x0000000003fb0c60, 0x0000000003fb0d70]
Event: 82.848 Thread 0x0000000017216000 9034       3       org.gradle.api.internal.provider.AbstractProperty::getDisplayName (16 bytes)
Event: 82.848 Thread 0x0000000017216000 nmethod 9034 0x0000000003fc5310 code [0x0000000003fc5460, 0x0000000003fc5610]

GC Heap History (10 events):
Event: 65.931 GC heap before
{Heap before GC invocations=32 (full 2):
 PSYoungGen      total 667136K, used 666675K [0x00000000d5580000, 0x0000000100000000, 0x0000000100000000)
  eden space 650752K, 100% used [0x00000000d5580000,0x00000000fd100000,0x00000000fd100000)
  from space 16384K, 97% used [0x00000000fd100000,0x00000000fe08cd28,0x00000000fe100000)
  to   space 24576K, 0% used [0x00000000fe800000,0x00000000fe800000,0x0000000100000000)
 ParOldGen       total 82944K, used 45128K [0x0000000080000000, 0x0000000085100000, 0x00000000d5580000)
  object space 82944K, 54% used [0x0000000080000000,0x0000000082c12348,0x0000000085100000)
 Metaspace       used 50282K, capacity 52412K, committed 52608K, reserved 1095680K
  class space    used 6488K, capacity 6919K, committed 7040K, reserved 1048576K
Event: 65.954 GC heap after
Heap after GC invocations=32 (full 2):
 PSYoungGen      total 674816K, used 5952K [0x00000000d5580000, 0x0000000100000000, 0x0000000100000000)
  eden space 650240K, 0% used [0x00000000d5580000,0x00000000d5580000,0x00000000fd080000)
  from space 24576K, 24% used [0x00000000fe800000,0x00000000fedd0010,0x0000000100000000)
  to   space 24064K, 0% used [0x00000000fd080000,0x00000000fd080000,0x00000000fe800000)
 ParOldGen       total 82944K, used 55128K [0x0000000080000000, 0x0000000085100000, 0x00000000d5580000)
  object space 82944K, 66% used [0x0000000080000000,0x00000000835d6098,0x0000000085100000)
 Metaspace       used 50282K, capacity 52412K, committed 52608K, reserved 1095680K
  class space    used 6488K, capacity 6919K, committed 7040K, reserved 1048576K
}
Event: 68.892 GC heap before
{Heap before GC invocations=33 (full 2):
 PSYoungGen      total 674816K, used 656192K [0x00000000d5580000, 0x0000000100000000, 0x0000000100000000)
  eden space 650240K, 100% used [0x00000000d5580000,0x00000000fd080000,0x00000000fd080000)
  from space 24576K, 24% used [0x00000000fe800000,0x00000000fedd0010,0x0000000100000000)
  to   space 24064K, 0% used [0x00000000fd080000,0x00000000fd080000,0x00000000fe800000)
 ParOldGen       total 82944K, used 55128K [0x0000000080000000, 0x0000000085100000, 0x00000000d5580000)
  object space 82944K, 66% used [0x0000000080000000,0x00000000835d6098,0x0000000085100000)
 Metaspace       used 50282K, capacity 52412K, committed 52608K, reserved 1095680K
  class space    used 6488K, capacity 6919K, committed 7040K, reserved 1048576K
Event: 68.902 GC heap after
Heap after GC invocations=33 (full 2):
 PSYoungGen      total 660480K, used 10112K [0x00000000d5580000, 0x00000000ffd80000, 0x0000000100000000)
  eden space 650240K, 0% used [0x00000000d5580000,0x00000000d5580000,0x00000000fd080000)
  from space 10240K, 98% used [0x00000000fd080000,0x00000000fda60010,0x00000000fda80000)
  to   space 23040K, 0% used [0x00000000fe700000,0x00000000fe700000,0x00000000ffd80000)
 ParOldGen       total 82944K, used 55682K [0x0000000080000000, 0x0000000085100000, 0x00000000d5580000)
  object space 82944K, 67% used [0x0000000080000000,0x0000000083660ac0,0x0000000085100000)
 Metaspace       used 50282K, capacity 52412K, committed 52608K, reserved 1095680K
  class space    used 6488K, capacity 6919K, committed 7040K, reserved 1048576K
}
Event: 76.974 GC heap before
{Heap before GC invocations=34 (full 2):
 PSYoungGen      total 660480K, used 660352K [0x00000000d5580000, 0x00000000ffd80000, 0x0000000100000000)
  eden space 650240K, 100% used [0x00000000d5580000,0x00000000fd080000,0x00000000fd080000)
  from space 10240K, 98% used [0x00000000fd080000,0x00000000fda60010,0x00000000fda80000)
  to   space 23040K, 0% used [0x00000000fe700000,0x00000000fe700000,0x00000000ffd80000)
 ParOldGen       total 82944K, used 55682K [0x0000000080000000, 0x0000000085100000, 0x00000000d5580000)
  object space 82944K, 67% used [0x0000000080000000,0x0000000083660ac0,0x0000000085100000)
 Metaspace       used 50374K, capacity 52560K, committed 52864K, reserved 1095680K
  class space    used 6488K, capacity 6919K, committed 7040K, reserved 1048576K
Event: 76.978 GC heap after
Heap after GC invocations=34 (full 2):
 PSYoungGen      total 672768K, used 1632K [0x00000000d5580000, 0x0000000100000000, 0x0000000100000000)
  eden space 649728K, 0% used [0x00000000d5580000,0x00000000d5580000,0x00000000fd000000)
  from space 23040K, 7% used [0x00000000fe700000,0x00000000fe898000,0x00000000ffd80000)
  to   space 23552K, 0% used [0x00000000fd000000,0x00000000fd000000,0x00000000fe700000)
 ParOldGen       total 82944K, used 55690K [0x0000000080000000, 0x0000000085100000, 0x00000000d5580000)
  object space 82944K, 67% used [0x0000000080000000,0x0000000083662ac0,0x0000000085100000)
 Metaspace       used 50374K, capacity 52560K, committed 52864K, reserved 1095680K
  class space    used 6488K, capacity 6919K, committed 7040K, reserved 1048576K
}
Event: 79.634 GC heap before
{Heap before GC invocations=35 (full 2):
 PSYoungGen      total 672768K, used 231862K [0x00000000d5580000, 0x0000000100000000, 0x0000000100000000)
  eden space 649728K, 35% used [0x00000000d5580000,0x00000000e3655820,0x00000000fd000000)
  from space 23040K, 7% used [0x00000000fe700000,0x00000000fe898000,0x00000000ffd80000)
  to   space 23552K, 0% used [0x00000000fd000000,0x00000000fd000000,0x00000000fe700000)
 ParOldGen       total 82944K, used 55690K [0x0000000080000000, 0x0000000085100000, 0x00000000d5580000)
  object space 82944K, 67% used [0x0000000080000000,0x0000000083662ac0,0x0000000085100000)
 Metaspace       used 56706K, capacity 59022K, committed 59160K, reserved 1101824K
  class space    used 7283K, capacity 7732K, committed 7808K, reserved 1048576K
Event: 79.645 GC heap after
Heap after GC invocations=35 (full 2):
 PSYoungGen      total 673280K, used 8281K [0x00000000d5580000, 0x00000000ffe80000, 0x0000000100000000)
  eden space 649728K, 0% used [0x00000000d5580000,0x00000000d5580000,0x00000000fd000000)
  from space 23552K, 35% used [0x00000000fd000000,0x00000000fd8166c0,0x00000000fe700000)
  to   space 22528K, 0% used [0x00000000fe880000,0x00000000fe880000,0x00000000ffe80000)
 ParOldGen       total 82944K, used 55698K [0x0000000080000000, 0x0000000085100000, 0x00000000d5580000)
  object space 82944K, 67% used [0x0000000080000000,0x0000000083664ac0,0x0000000085100000)
 Metaspace       used 56706K, capacity 59022K, committed 59160K, reserved 1101824K
  class space    used 7283K, capacity 7732K, committed 7808K, reserved 1048576K
}
Event: 79.645 GC heap before
{Heap before GC invocations=36 (full 3):
 PSYoungGen      total 673280K, used 8281K [0x00000000d5580000, 0x00000000ffe80000, 0x0000000100000000)
  eden space 649728K, 0% used [0x00000000d5580000,0x00000000d5580000,0x00000000fd000000)
  from space 23552K, 35% used [0x00000000fd000000,0x00000000fd8166c0,0x00000000fe700000)
  to   space 22528K, 0% used [0x00000000fe880000,0x00000000fe880000,0x00000000ffe80000)
 ParOldGen       total 82944K, used 55698K [0x0000000080000000, 0x0000000085100000, 0x00000000d5580000)
  object space 82944K, 67% used [0x0000000080000000,0x0000000083664ac0,0x0000000085100000)
 Metaspace       used 56706K, capacity 59022K, committed 59160K, reserved 1101824K
  class space    used 7283K, capacity 7732K, committed 7808K, reserved 1048576K
Event: 79.953 GC heap after
Heap after GC invocations=36 (full 3):
 PSYoungGen      total 673280K, used 0K [0x00000000d5580000, 0x00000000ffe80000, 0x0000000100000000)
  eden space 649728K, 0% used [0x00000000d5580000,0x00000000d5580000,0x00000000fd000000)
  from space 23552K, 0% used [0x00000000fd000000,0x00000000fd000000,0x00000000fe700000)
  to   space 22528K, 0% used [0x00000000fe880000,0x00000000fe880000,0x00000000ffe80000)
 ParOldGen       total 122368K, used 31856K [0x0000000080000000, 0x0000000087780000, 0x00000000d5580000)
  object space 122368K, 26% used [0x0000000080000000,0x0000000081f1c128,0x0000000087780000)
 Metaspace       used 56610K, capacity 58852K, committed 59160K, reserved 1101824K
  class space    used 7254K, capacity 7698K, committed 7808K, reserved 1048576K
}

Deoptimization events (10 events):
Event: 81.286 Thread 0x000000001acc4000 Uncommon trap: reason=bimorphic action=maybe_recompile pc=0x00000000038b65dc method=java.util.Hashtable.get(Ljava/lang/Object;)Ljava/lang/Object; @ 6
Event: 81.286 Thread 0x000000001acc4000 Uncommon trap: reason=bimorphic action=maybe_recompile pc=0x00000000038b65dc method=java.util.Hashtable.get(Ljava/lang/Object;)Ljava/lang/Object; @ 6
Event: 81.314 Thread 0x000000001acc4000 Uncommon trap: reason=range_check action=make_not_entrant pc=0x000000000372b274 method=java.lang.String.charAt(I)C @ 27
Event: 81.314 Thread 0x000000001acc4000 Uncommon trap: reason=unstable_if action=reinterpret pc=0x0000000002799724 method=java.lang.String.replace(CC)Ljava/lang/String; @ 2
Event: 81.321 Thread 0x000000001acc4000 Uncommon trap: reason=unstable_if action=reinterpret pc=0x00000000037b58a8 method=groovy.lang.MetaClassImpl$1MOPIter.methodNameAction(Ljava/lang/Class;Lorg/codehaus/groovy/runtime/metaclass/MetaMethodIndex$Entry;)V @ 182
Event: 81.480 Thread 0x000000001acc4000 Uncommon trap: reason=unstable_if action=reinterpret pc=0x00000000029b1c64 method=java.lang.String.lastIndexOf([CII[CIII)I @ 17
Event: 81.830 Thread 0x000000001acc4000 Uncommon trap: reason=null_check action=make_not_entrant pc=0x0000000002f2169c method=java.lang.Class.searchMethods([Ljava/lang/reflect/Method;Ljava/lang/String;[Ljava/lang/Class;)Ljava/lang/reflect/Method; @ 59
Event: 82.013 Thread 0x000000001acc4000 Uncommon trap: reason=unstable_if action=reinterpret pc=0x0000000003f1e71c method=groovy.lang.MetaClassImpl.filterPropertyMethod(Ljava/lang/Object;ZZ)Ljava/lang/Object; @ 72
Event: 82.548 Thread 0x000000001acc4000 Uncommon trap: reason=bimorphic action=maybe_recompile pc=0x00000000035b1438 method=java.util.stream.ReduceOps$3ReducingSink.accept(Ljava/lang/Object;)V @ 9
Event: 82.599 Thread 0x000000001acc4000 Uncommon trap: reason=bimorphic action=maybe_recompile pc=0x0000000003a37e6c method=java.util.Formatter$FormatSpecifier.printString(Ljava/lang/Object;Ljava/util/Locale;)V @ 98

Classes redefined (0 events):
No events

Internal exceptions (10 events):
Event: 82.031 Thread 0x000000001acc4000 Exception <a 'java/lang/ClassNotFoundException': java/lang/EnumCustomizer> (0x00000000dd64e1c0) thrown at [C:\src\AOSP-openjdk-git\hotspot\src\share\vm\classfile\systemDictionary.cpp, line 210]
Event: 82.033 Thread 0x000000001acc4000 Exception <a 'java/lang/ClassNotFoundException': org/gradle/api/JavaVersionCustomizer> (0x00000000dd687ad0) thrown at [C:\src\AOSP-openjdk-git\hotspot\src\share\vm\classfile\systemDictionary.cpp, line 210]
Event: 82.057 Thread 0x000000001acc4000 Exception <a 'java/lang/ClassNotFoundException': com/android/build/gradle/internal/CompileOptions_DecoratedBeanInfo> (0x00000000dd6ee9f8) thrown at [C:\src\AOSP-openjdk-git\hotspot\src\share\vm\classfile\systemDictionary.cpp, line 210]
Event: 82.058 Thread 0x000000001acc4000 Exception <a 'java/lang/ClassNotFoundException': com/android/build/gradle/internal/CompileOptionsBeanInfo> (0x00000000dd70e860) thrown at [C:\src\AOSP-openjdk-git\hotspot\src\share\vm\classfile\systemDictionary.cpp, line 210]
Event: 82.058 Thread 0x000000001acc4000 Exception <a 'java/lang/ClassNotFoundException': com/android/build/gradle/internal/CompileOptionsCustomizer> (0x00000000dd72e6d8) thrown at [C:\src\AOSP-openjdk-git\hotspot\src\share\vm\classfile\systemDictionary.cpp, line 210]
Event: 82.060 Thread 0x000000001acc4000 Exception <a 'java/lang/ClassNotFoundException': com/android/build/gradle/internal/CompileOptions_DecoratedCustomizer> (0x00000000dd764408) thrown at [C:\src\AOSP-openjdk-git\hotspot\src\share\vm\classfile\systemDictionary.cpp, line 210]
Event: 82.093 Thread 0x000000001acc4000 Exception <a 'java/lang/ClassNotFoundException': org/jetbrains/kotlin/gradle/dsl/KotlinJvmOptionsImplBeanInfo> (0x00000000dd8d8b00) thrown at [C:\src\AOSP-openjdk-git\hotspot\src\share\vm\classfile\systemDictionary.cpp, line 210]
Event: 82.094 Thread 0x000000001acc4000 Exception <a 'java/lang/ClassNotFoundException': org/jetbrains/kotlin/gradle/dsl/KotlinJvmOptionsBaseBeanInfo> (0x00000000dd8fa018) thrown at [C:\src\AOSP-openjdk-git\hotspot\src\share\vm\classfile\systemDictionary.cpp, line 210]
Event: 82.096 Thread 0x000000001acc4000 Exception <a 'java/lang/ClassNotFoundException': org/jetbrains/kotlin/gradle/dsl/KotlinJvmOptionsBaseCustomizer> (0x00000000dd91bbf0) thrown at [C:\src\AOSP-openjdk-git\hotspot\src\share\vm\classfile\systemDictionary.cpp, line 210]
Event: 82.098 Thread 0x000000001acc4000 Exception <a 'java/lang/ClassNotFoundException': org/jetbrains/kotlin/gradle/dsl/KotlinJvmOptionsImplCustomizer> (0x00000000dd95e3d8) thrown at [C:\src\AOSP-openjdk-git\hotspot\src\share\vm\classfile\systemDictionary.cpp, line 210]

Events (10 events):
Event: 82.865 loading class javax/lang/model/element/Element
Event: 82.868 loading class javax/lang/model/AnnotatedConstruct
Event: 82.868 loading class javax/lang/model/AnnotatedConstruct done
Event: 82.868 loading class javax/lang/model/element/Element done
Event: 82.868 loading class android/databinding/tool/util/L$Client
Event: 82.868 loading class android/databinding/tool/util/L$Client done
Event: 82.868 loading class android/databinding/tool/util/L$Client
Event: 82.868 loading class android/databinding/tool/util/L$Client done
Event: 82.870 loading class com/android/build/gradle/internal/tasks/databinding/DataBindingGenBaseClassesTask
Event: 82.870 loading class com/android/build/gradle/internal/tasks/databinding/DataBindingGenBaseClassesTask done


Dynamic libraries:
0x00007ff63e9f0000 - 0x00007ff63ea21000 	C:\Program Files\Android\Android Studio\jre\bin\java.exe
0x00007ffd41580000 - 0x00007ffd4176d000 	C:\Windows\SYSTEM32\ntdll.dll
0x00007ffd3e7b0000 - 0x00007ffd3e863000 	C:\Windows\System32\KERNEL32.DLL
0x00007ffd3e040000 - 0x00007ffd3e2d3000 	C:\Windows\System32\KERNELBASE.dll
0x00007ffd413f0000 - 0x00007ffd41493000 	C:\Windows\System32\ADVAPI32.dll
0x00007ffd3f080000 - 0x00007ffd3f11e000 	C:\Windows\System32\msvcrt.dll
0x00007ffd3ee00000 - 0x00007ffd3ee9e000 	C:\Windows\System32\sechost.dll
0x00007ffd3eb60000 - 0x00007ffd3ec82000 	C:\Windows\System32\RPCRT4.dll
0x00007ffd40d60000 - 0x00007ffd40ef7000 	C:\Windows\System32\USER32.dll
0x00007ffd3e660000 - 0x00007ffd3e680000 	C:\Windows\System32\win32u.dll
0x00007ffd40b80000 - 0x00007ffd40ba9000 	C:\Windows\System32\GDI32.dll
0x00007ffd3e4c0000 - 0x00007ffd3e65a000 	C:\Windows\System32\gdi32full.dll
0x00007ffd3d650000 - 0x00007ffd3d6f0000 	C:\Windows\System32\msvcp_win.dll
0x00007ffd3e3c0000 - 0x00007ffd3e4ba000 	C:\Windows\System32\ucrtbase.dll
0x00007ffd290f0000 - 0x00007ffd29369000 	C:\Windows\WinSxS\amd64_microsoft.windows.common-controls_6595b64144ccf1df_6.0.17763.437_none_05b63dca071e5dd6\COMCTL32.dll
0x00007ffd3f250000 - 0x00007ffd3f57c000 	C:\Windows\System32\combase.dll
0x00007ffd3e340000 - 0x00007ffd3e3be000 	C:\Windows\System32\bcryptPrimitives.dll
0x00007ffd40b50000 - 0x00007ffd40b7e000 	C:\Windows\System32\IMM32.DLL
0x0000000063ef0000 - 0x0000000063fc2000 	C:\Program Files\Android\Android Studio\jre\jre\bin\msvcr100.dll
0x0000000063fd0000 - 0x000000006481b000 	C:\Program Files\Android\Android Studio\jre\jre\bin\server\jvm.dll
0x00007ffd3eeb0000 - 0x00007ffd3eeb8000 	C:\Windows\System32\PSAPI.DLL
0x00007ffd31630000 - 0x00007ffd3163a000 	C:\Windows\SYSTEM32\VERSION.dll
0x00007ffd3b660000 - 0x00007ffd3b684000 	C:\Windows\SYSTEM32\WINMM.dll
0x00007ffd39ef0000 - 0x00007ffd39ef9000 	C:\Windows\SYSTEM32\WSOCK32.dll
0x00007ffd41380000 - 0x00007ffd413ed000 	C:\Windows\System32\ws2_32.DLL
0x00007ffd3b600000 - 0x00007ffd3b62d000 	C:\Windows\SYSTEM32\WINMMBASE.dll
0x00007ffd3e730000 - 0x00007ffd3e77a000 	C:\Windows\System32\cfgmgr32.dll
0x00007ffd39ee0000 - 0x00007ffd39eef000 	C:\Program Files\Android\Android Studio\jre\jre\bin\verify.dll
0x00007ffd39eb0000 - 0x00007ffd39ed9000 	C:\Program Files\Android\Android Studio\jre\jre\bin\java.dll
0x00007ffd39e90000 - 0x00007ffd39ea6000 	C:\Program Files\Android\Android Studio\jre\jre\bin\zip.dll
0x00007ffd3f580000 - 0x00007ffd40a70000 	C:\Windows\System32\SHELL32.dll
0x00007ffd414a0000 - 0x00007ffd41548000 	C:\Windows\System32\shcore.dll
0x00007ffd3d8f0000 - 0x00007ffd3e03a000 	C:\Windows\System32\windows.storage.dll
0x00007ffd3d600000 - 0x00007ffd3d624000 	C:\Windows\System32\profapi.dll
0x00007ffd3d580000 - 0x00007ffd3d5dd000 	C:\Windows\System32\powrprof.dll
0x00007ffd40a70000 - 0x00007ffd40ac2000 	C:\Windows\System32\shlwapi.dll
0x00007ffd3d5e0000 - 0x00007ffd3d5f1000 	C:\Windows\System32\kernel.appcore.dll
0x00007ffd3d8d0000 - 0x00007ffd3d8e7000 	C:\Windows\System32\cryptsp.dll
0x00007ffd39e70000 - 0x00007ffd39e8a000 	C:\Program Files\Android\Android Studio\jre\jre\bin\net.dll
0x00007ffd3ce00000 - 0x00007ffd3ce67000 	C:\Windows\system32\mswsock.dll
0x00007ffd2b560000 - 0x00007ffd2b573000 	C:\Program Files\Android\Android Studio\jre\jre\bin\nio.dll
0x00007ffd251d0000 - 0x00007ffd251f6000 	C:\Users\Voodster\.gradle\native\fdc75f09e3144964f2cf3f50f0aa648679c211496f362492102eb8c894070792\windows-amd64\native-platform.dll
0x00007ffd0a600000 - 0x00007ffd0a791000 	C:\Users\Voodster\.gradle\native\12488b8bf47d2d4c9fbf2f6322a914ad602e24e48041cd04a747c6da556b65c4\windows-amd64\native-platform-file-events.dll
0x00007ffd37300000 - 0x00007ffd3730d000 	C:\Program Files\Android\Android Studio\jre\jre\bin\management.dll
0x00007ffd3c960000 - 0x00007ffd3c993000 	C:\Windows\system32\rsaenh.dll
0x00007ffd3e780000 - 0x00007ffd3e7a6000 	C:\Windows\System32\bcrypt.dll
0x00007ffd3d4b0000 - 0x00007ffd3d4d8000 	C:\Windows\SYSTEM32\USERENV.dll
0x00007ffd3cfd0000 - 0x00007ffd3cfdc000 	C:\Windows\SYSTEM32\CRYPTBASE.dll
0x00007ffd3cb00000 - 0x00007ffd3cb3d000 	C:\Windows\SYSTEM32\IPHLPAPI.DLL
0x00007ffd3eea0000 - 0x00007ffd3eea8000 	C:\Windows\System32\NSI.dll
0x00007ffd30260000 - 0x00007ffd30276000 	C:\Windows\SYSTEM32\dhcpcsvc6.DLL
0x00007ffd30240000 - 0x00007ffd3025c000 	C:\Windows\SYSTEM32\dhcpcsvc.DLL
0x00007ffd3cb40000 - 0x00007ffd3cc06000 	C:\Windows\SYSTEM32\DNSAPI.dll
0x00007ffd301b0000 - 0x00007ffd301bb000 	C:\Windows\SYSTEM32\WINNSI.DLL
0x00007ffd26840000 - 0x00007ffd26864000 	C:\Program Files\Android\Android Studio\jre\jre\bin\sunec.dll
0x00007ffd21e50000 - 0x00007ffd21e5a000 	C:\Windows\System32\rasadhlp.dll
0x00007ffd23ac0000 - 0x00007ffd23b39000 	C:\Windows\System32\fwpuclnt.dll
0x00007ffd372a0000 - 0x00007ffd372ab000 	C:\Program Files\Android\Android Studio\jre\jre\bin\sunmscapi.dll
0x00007ffd3d6f0000 - 0x00007ffd3d8cb000 	C:\Windows\System32\CRYPT32.dll
0x00007ffd3d630000 - 0x00007ffd3d642000 	C:\Windows\System32\MSASN1.dll

VM Arguments:
jvm_args: -Xmx2048m -Dfile.encoding=UTF-8 -Duser.country=RU -Duser.language=ru -Duser.variant 
java_command: org.gradle.launcher.daemon.bootstrap.GradleDaemon 6.7
java_class_path (initial): C:\Users\Voodster\.gradle\wrapper\dists\gradle-6.7-all\cuy9mc7upwgwgeb72wkcrupxe\gradle-6.7\lib\gradle-launcher-6.7.jar
Launcher Type: SUN_STANDARD

Environment Variables:
PATH=C:\Program Files (x86)\Common Files\Oracle\Java\javapath;C:\Program Files (x86)\NVIDIA Corporation\PhysX\Common;C:\Program Files (x86)\Intel\Intel(R) Management Engine Components\iCLS\;C:\Program Files\Intel\Intel(R) Management Engine Components\iCLS\;C:\Windows\system32;C:\Windows;C:\Windows\System32\Wbem;C:\Windows\System32\WindowsPowerShell\v1.0\;C:\Windows\System32\OpenSSH\;C:\Program Files (x86)\Intel\Intel(R) Management Engine Components\DAL;C:\Program Files\Intel\Intel(R) Management Engine Components\DAL;C:\Program Files (x86)\Intel\Intel(R) Management Engine Components\IPT;C:\Program Files\Intel\Intel(R) Management Engine Components\IPT;C:\Program Files (x86)\Microsoft SQL Server\150\Tools\Binn\;C:\Program Files\Microsoft SQL Server\150\Tools\Binn\;C:\Program Files (x86)\Microsoft SQL Server\150\DTS\Binn\;C:\Program Files\Microsoft SQL Server\150\DTS\Binn\;C:\Program Files\Microsoft SQL Server\Client SDK\ODBC\170\Tools\Binn\;C:\Program Files\PuTTY\;C:\Program Files\dotnet\;C:\Program Files\Microsoft SQL Server\130\Tools\Binn\;C:\Program Files\Git\cmd;C:\Program Files\TortoiseGit\bin;C:\Users\Voodster\AppData\Local\Programs\Python\Python37\Scripts\;C:\Users\Voodster\AppData\Local\Programs\Python\Python37\;C:\Users\Voodster\AppData\Local\Microsoft\WindowsApps;
USERNAME=Voodster
OS=Windows_NT
PROCESSOR_IDENTIFIER=Intel64 Family 6 Model 78 Stepping 3, GenuineIntel



---------------  S Y S T E M  ---------------

OS: Windows 10.0 , 64 bit Build 17763 (10.0.17763.437)

CPU:total 4 (initial active 4) (2 cores per cpu, 2 threads per core) family 6 model 78 stepping 3, cmov, cx8, fxsr, mmx, sse, sse2, sse3, ssse3, sse4.1, sse4.2, popcnt, avx, avx2, aes, clmul, erms, 3dnowpref, lzcnt, ht, tsc, tscinvbit, bmi1, bmi2, adx

Memory: 4k page, physical 8292260k(1185852k free), swap 8292260k(5924k free)

vm_info: OpenJDK 64-Bit Server VM (25.242-b01) for windows-amd64 JRE (1.8.0_242-release-1644-b01), built by "builder" with MS VC++ 10.0 (VS2010)

time: Mon Apr 19 22:15:50 2021
timezone: RTZ 2 (зима)
elapsed time: 82 seconds (0d 0h 1m 22s)

